<?xml version="1.0" encoding="UTF-8"?>
<!-- Generated by org.testng.reporters.JUnitReportReporter -->
<testsuite hostname="Musthaq-PC" failures="0" tests="1" name="runners.TestRunner" time="9.967" errors="0" timestamp="2024-12-30T01:06:30 IST" skipped="0">
  <testcase classname="runners.TestRunner" name="runScenario" time="9.967"/>
</testsuite> <!-- runners.TestRunner -->
